<?xml version="1.0" encoding="UTF-8"?>
<!-- Generated by org.testng.reporters.JUnitXMLReporter -->
<testsuite ignored="1" hostname="RAVIKIRAN-PC" failures="0" tests="1" name="Default test" time="41.478" errors="0" timestamp="2022-06-15T15:16:37 IST">
  <testcase classname="retirementCalculator.calculator" name="testToCheckByFillingAllFields" time="27.762"/>
  <testcase classname="retirementCalculator.calculator" name="testToCheckOnlyOnRequiredFields" time="0.0">
    <ignored/>
  </testcase> <!-- testToCheckOnlyOnRequiredFields -->
</testsuite> <!-- Default test -->
